<?xml version="1.0" encoding="UTF-8"?>
<!-- Generated by org.testng.reporters.JUnitXMLReporter -->
<testsuite ignored="0" hostname="DESKTOP-V361U5G" failures="0" tests="4" name="On_Edge" time="0.025" errors="0" timestamp="2025-01-14T22:19:06 IST">
  <testcase classname="testngex.Case1" name="test0" time="0.002"/>
  <testcase classname="testngex.Case2" name="f0" time="0.005"/>
  <testcase classname="testngex.Case3" name="test3" time="0.001"/>
  <testcase classname="testngex.Case4" name="test4" time="0.002"/>
</testsuite> <!-- On_Edge -->
