<?xml version="1.0" encoding="UTF-8"?>
<!-- Generated by org.testng.reporters.JUnitXMLReporter -->
<testsuite ignored="0" hostname="DESKTOP-V361U5G" failures="0" tests="5" name="Test2" time="0.044" errors="0" timestamp="2025-01-10T23:37:36 IST">
  <testcase classname="testngex.Case1" name="test0" time="0.003"/>
  <testcase classname="testngex.Case1" name="test1" time="0.004"/>
  <testcase classname="testngex.Case2" name="f0" time="0.004"/>
  <testcase classname="testngex.Case2" name="f1" time="0.002"/>
  <testcase classname="testngex.Case2" name="f2" time="0.002"/>
</testsuite> <!-- Test2 -->
