<?xml version="1.0" encoding="UTF-8"?>
<!-- Generated by org.testng.reporters.JUnitXMLReporter -->
<testsuite ignored="0" hostname="DESKTOP-V361U5G" failures="0" tests="7" name="Smoke Test" time="0.1" errors="0" timestamp="2025-01-12T22:36:51 IST">
  <testcase classname="testngex.Case2" name="f0" time="0.006"/>
  <testcase classname="testngex.Case2" name="f1" time="0.004"/>
  <testcase classname="testngex.Case2" name="f2" time="0.002"/>
  <testcase classname="testngex.Case3" name="test1" time="0.004"/>
  <testcase classname="testngex.Case3" name="test2" time="0.003"/>
  <testcase classname="testngex.Case4" name="test1" time="0.022"/>
  <testcase classname="testngex.Case4" name="test2" time="0.005"/>
</testsuite> <!-- Smoke Test -->
