<?xml version="1.0" encoding="UTF-8"?>
<!-- Generated by org.testng.reporters.JUnitXMLReporter -->
<testsuite ignored="0" hostname="DESKTOP-V361U5G" failures="0" tests="6" name="Test2" time="0.047" errors="0" timestamp="2025-01-10T23:27:32 IST">
  <testcase classname="testngex.Case1" name="test0" time="0.004"/>
  <testcase classname="testngex.Case1" name="test1" time="0.005"/>
  <testcase classname="testngex.Case1" name="test2" time="0.001"/>
  <testcase classname="testngex.Case2" name="f0" time="0.002"/>
  <testcase classname="testngex.Case2" name="f1" time="0.002"/>
  <testcase classname="testngex.Case2" name="f2" time="0.002"/>
</testsuite> <!-- Test2 -->
