<?xml version="1.0" encoding="UTF-8"?>
<!-- Generated by org.testng.reporters.JUnitXMLReporter -->
<testsuite ignored="0" hostname="DESKTOP-V361U5G" failures="0" tests="6" name="Test1" time="0.202" errors="0" timestamp="2025-01-12T22:24:50 IST">
  <testcase classname="testngex.Case1" name="test0" time="0.018"/>
  <testcase classname="testngex.Case1" name="test1" time="0.009"/>
  <testcase classname="testngex.Case1" name="test2" time="0.003"/>
  <testcase classname="testngex.Case2" name="f0" time="0.003"/>
  <testcase classname="testngex.Case2" name="f1" time="0.006"/>
  <testcase classname="testngex.Case2" name="f2" time="0.004"/>
</testsuite> <!-- Test1 -->
